-------------------------------------------------------------------------------
Test set: TestSuite
-------------------------------------------------------------------------------
Tests run: 1, Failures: 1, Errors: 0, Skipped: 0, Time elapsed: 56.279 s <<< FAILURE! - in TestSuite
Test01_TestAPI(test.DemoTest)  Time elapsed: 33.091 s  <<< FAILURE!
java.lang.AssertionError: expected [true] but found [false]
	at test.DemoTest.Test01_TestAPI(DemoTest.java:66)

